#
# There is insufficient memory for the Java Runtime Environment to continue.
# Native memory allocation (mmap) failed to map 125829120 bytes for G1 virtual space
# Possible reasons:
#   The system is out of physical RAM or swap space
#   The process is running with CompressedOops enabled, and the Java Heap may be blocking the growth of the native heap
# Possible solutions:
#   Reduce memory load on the system
#   Increase physical memory or swap space
#   Check if swap backing store is full
#   Decrease Java heap size (-Xmx/-Xms)
#   Decrease number of Java threads
#   Decrease Java thread stack sizes (-Xss)
#   Set larger code cache with -XX:ReservedCodeCacheSize=
#   JVM is running with Unscaled Compressed Oops mode in which the Java heap is
#     placed in the first 4GB address space. The Java Heap base address is the
#     maximum limit for the native heap growth. Please use -XX:HeapBaseMinAddress
#     to set the Java Heap base and to place the Java Heap above 4GB virtual address.
# This output file may be truncated or incomplete.
#
#  Out of Memory Error (os_windows.cpp:3536), pid=2336, tid=1336
#
# JRE version:  (19.0.2+7) (build )
# Java VM: Java HotSpot(TM) 64-Bit Server VM (19.0.2+7-44, mixed mode, sharing, tiered, compressed oops, compressed class ptrs, g1 gc, windows-amd64)
# No core dump will be written. Minidumps are not enabled by default on client versions of Windows
#

---------------  S U M M A R Y ------------

Command Line: print1toN_BT

Host: AMD Ryzen 7 4800H with Radeon Graphics         , 16 cores, 7G,  Windows 11 , 64 bit Build 22621 (10.0.22621.3672)
Time: Mon Aug  5 15:34:43 2024 Sri Lanka Standard Time elapsed time: 0.022569 seconds (0d 0h 0m 0s)

---------------  T H R E A D  ---------------

Current thread (0x0000029841fa0160):  JavaThread "Unknown thread" [_thread_in_vm, id=1336, stack(0x000000b523500000,0x000000b523600000)]

Stack: [0x000000b523500000,0x000000b523600000]
Native frames: (J=compiled Java code, j=interpreted, Vv=VM code, C=native code)
V  [jvm.dll+0x6ee21a]
V  [jvm.dll+0x85765e]
V  [jvm.dll+0x85904e]
V  [jvm.dll+0x859703]
V  [jvm.dll+0x28298f]
V  [jvm.dll+0x6eb009]
V  [jvm.dll+0x6dfbaa]
V  [jvm.dll+0x3573f6]
V  [jvm.dll+0x35ee56]
V  [jvm.dll+0x3b541e]
V  [jvm.dll+0x3b564f]
V  [jvm.dll+0x32c9ea]
V  [jvm.dll+0x32d89e]
V  [jvm.dll+0x821780]
V  [jvm.dll+0x3c2661]
V  [jvm.dll+0x801f51]
V  [jvm.dll+0x44ae8f]
V  [jvm.dll+0x44c811]
C  [jli.dll+0x5287]
C  [ucrtbase.dll+0x29333]
C  [KERNEL32.DLL+0x1257d]
C  [ntdll.dll+0x5af28]


---------------  P R O C E S S  ---------------

Threads class SMR info:
_java_thread_list=0x00007ffd7635d048, length=0, elements={
}

Java Threads: ( => current thread )

Other Threads:
  0x0000029841ffaa50 WorkerThread "GC Thread#0" [stack: 0x000000b523600000,0x000000b523700000] [id=12576]
  0x000002984200a8d0 ConcurrentGCThread "G1 Main Marker" [stack: 0x000000b523700000,0x000000b523800000] [id=30856]
  0x000002984200c310 WorkerThread "G1 Conc#0" [stack: 0x000000b523800000,0x000000b523900000] [id=26092]

[error occurred during error reporting (printing all threads), id 0xc0000005, EXCEPTION_ACCESS_VIOLATION (0xc0000005) at pc=0x00007ffd75b1d427]

VM state: not at safepoint (not fully initialized)

VM Mutex/Monitor currently owned by a thread:  ([mutex/lock_event])
[0x0000029841f9afe0] Heap_lock - owner thread: 0x0000029841fa0160

Heap address: 0x0000000089400000, size: 1900 MB, Compressed Oops mode: 32-bit

CDS archive(s) mapped at: [0x0000000000000000-0x0000000000000000-0x0000000000000000), size 0, SharedBaseAddress: 0x0000000800000000, ArchiveRelocationMode: 0.
Narrow klass base: 0x0000000000000000, Narrow klass shift: 0, Narrow klass range: 0x0

GC Precious Log:
 CardTable entry size: 512
 Card Set container configuration: InlinePtr #cards 5 size 8 Array Of Cards #cards 12 size 40 Howl #buckets 4 coarsen threshold 1843 Howl Bitmap #cards 512 size 80 coarsen threshold 460 Card regions per heap region 1 cards per card region 2048

Heap:
 garbage-first heap   total 0K, used 0K [0x0000000089400000, 0x0000000100000000)
  region size 1024K, 0 young (0K), 0 survivors (0K)

[error occurred during error reporting (printing heap information), id 0xc0000005, EXCEPTION_ACCESS_VIOLATION (0xc0000005) at pc=0x00007ffd75f26649]

GC Heap History (0 events):
No events

Dll operation events (1 events):
Event: 0.011 Loaded shared library C:\Program Files\Java\jdk-19\bin\java.dll

Deoptimization events (0 events):
No events

Classes loaded (0 events):
No events

Classes unloaded (0 events):
No events

Classes redefined (0 events):
No events

Internal exceptions (0 events):
No events

VM Operations (0 events):
No events

Events (0 events):
No events


Dynamic libraries:
0x00007ff6b28a0000 - 0x00007ff6b28b0000 	C:\Program Files\Java\jdk-19\bin\java.exe
0x00007ffdd7dd0000 - 0x00007ffdd7fe7000 	C:\WINDOWS\SYSTEM32\ntdll.dll
0x00007ffdd6740000 - 0x00007ffdd6804000 	C:\WINDOWS\System32\KERNEL32.DLL
0x00007ffdd5760000 - 0x00007ffdd5b0d000 	C:\WINDOWS\System32\KERNELBASE.dll
0x00007ffdd5250000 - 0x00007ffdd5361000 	C:\WINDOWS\System32\ucrtbase.dll
0x00007ffdcaf30000 - 0x00007ffdcaf48000 	C:\Program Files\Java\jdk-19\bin\jli.dll
0x00007ffdcbfe0000 - 0x00007ffdcbffb000 	C:\Program Files\Java\jdk-19\bin\VCRUNTIME140.dll
0x00007ffdd5b20000 - 0x00007ffdd5bd2000 	C:\WINDOWS\System32\ADVAPI32.dll
0x00007ffdd7710000 - 0x00007ffdd77b7000 	C:\WINDOWS\System32\msvcrt.dll
0x00007ffdd77c0000 - 0x00007ffdd7869000 	C:\WINDOWS\System32\sechost.dll
0x00007ffdd5410000 - 0x00007ffdd5438000 	C:\WINDOWS\System32\bcrypt.dll
0x00007ffdd69c0000 - 0x00007ffdd6ad4000 	C:\WINDOWS\System32\RPCRT4.dll
0x00007ffdd6810000 - 0x00007ffdd69be000 	C:\WINDOWS\System32\USER32.dll
0x00007ffdd5100000 - 0x00007ffdd5126000 	C:\WINDOWS\System32\win32u.dll
0x00007ffdcb850000 - 0x00007ffdcbae3000 	C:\WINDOWS\WinSxS\amd64_microsoft.windows.common-controls_6595b64144ccf1df_6.0.22621.3672_none_2713b9d173822955\COMCTL32.dll
0x00007ffdd64b0000 - 0x00007ffdd64d9000 	C:\WINDOWS\System32\GDI32.dll
0x00007ffdd5130000 - 0x00007ffdd5249000 	C:\WINDOWS\System32\gdi32full.dll
0x00007ffdd5370000 - 0x00007ffdd540a000 	C:\WINDOWS\System32\msvcp_win.dll
0x00007ffdce9e0000 - 0x00007ffdce9ea000 	C:\WINDOWS\SYSTEM32\VERSION.dll
0x00007ffdd6bc0000 - 0x00007ffdd6bf1000 	C:\WINDOWS\System32\IMM32.DLL
0x00007ffdc1c00000 - 0x00007ffdc1c0c000 	C:\Program Files\Java\jdk-19\bin\vcruntime140_1.dll
0x00007ffda2100000 - 0x00007ffda218e000 	C:\Program Files\Java\jdk-19\bin\msvcp140.dll
0x00007ffd757e0000 - 0x00007ffd764a0000 	C:\Program Files\Java\jdk-19\bin\server\jvm.dll
0x00007ffdc4cb0000 - 0x00007ffdc4cb9000 	C:\WINDOWS\SYSTEM32\WSOCK32.dll
0x00007ffdd64e0000 - 0x00007ffdd6551000 	C:\WINDOWS\System32\WS2_32.dll
0x00007ffdcf2f0000 - 0x00007ffdcf324000 	C:\WINDOWS\SYSTEM32\WINMM.dll
0x00007ffdd41f0000 - 0x00007ffdd4208000 	C:\WINDOWS\SYSTEM32\kernel.appcore.dll
0x00007ffdc4870000 - 0x00007ffdc487a000 	C:\Program Files\Java\jdk-19\bin\jimage.dll
0x00007ffdcdd50000 - 0x00007ffdcdf82000 	C:\WINDOWS\SYSTEM32\DBGHELP.DLL
0x00007ffdd7970000 - 0x00007ffdd7cf8000 	C:\WINDOWS\System32\combase.dll
0x00007ffdd6660000 - 0x00007ffdd6737000 	C:\WINDOWS\System32\OLEAUT32.dll
0x00007ffdc86d0000 - 0x00007ffdc8702000 	C:\WINDOWS\SYSTEM32\dbgcore.DLL
0x00007ffdd5570000 - 0x00007ffdd55eb000 	C:\WINDOWS\System32\bcryptPrimitives.dll
0x00007ffda75f0000 - 0x00007ffda7616000 	C:\Program Files\Java\jdk-19\bin\java.dll

dbghelp: loaded successfully - version: 4.0.5 - missing functions: none
symbol engine: initialized successfully - sym options: 0x614 - pdb path: .;C:\Program Files\Java\jdk-19\bin;C:\WINDOWS\SYSTEM32;C:\WINDOWS\WinSxS\amd64_microsoft.windows.common-controls_6595b64144ccf1df_6.0.22621.3672_none_2713b9d173822955;C:\Program Files\Java\jdk-19\bin\server

VM Arguments:
java_command: print1toN_BT
java_class_path (initial): .
Launcher Type: SUN_STANDARD

[Global flags]
     intx CICompilerCount                          = 12                                        {product} {ergonomic}
     uint ConcGCThreads                            = 3                                         {product} {ergonomic}
     uint G1ConcRefinementThreads                  = 13                                        {product} {ergonomic}
   size_t G1HeapRegionSize                         = 1048576                                   {product} {ergonomic}
    uintx GCDrainStackTargetSize                   = 64                                        {product} {ergonomic}
   size_t InitialHeapSize                          = 125829120                                 {product} {ergonomic}
   size_t MarkStackSize                            = 4194304                                   {product} {ergonomic}
   size_t MaxHeapSize                              = 1992294400                                {product} {ergonomic}
   size_t MinHeapDeltaBytes                        = 1048576                                   {product} {ergonomic}
   size_t MinHeapSize                              = 8388608                                   {product} {ergonomic}
    uintx NonNMethodCodeHeapSize                   = 7602480                                {pd product} {ergonomic}
    uintx NonProfiledCodeHeapSize                  = 122027880                              {pd product} {ergonomic}
    uintx ProfiledCodeHeapSize                     = 122027880                              {pd product} {ergonomic}
    uintx ReservedCodeCacheSize                    = 251658240                              {pd product} {ergonomic}
     bool SegmentedCodeCache                       = true                                      {product} {ergonomic}
   size_t SoftMaxHeapSize                          = 1992294400                             {manageable} {ergonomic}
     bool UseCompressedClassPointers               = true                           {product lp64_product} {ergonomic}
     bool UseCompressedOops                        = true                           {product lp64_product} {ergonomic}
     bool UseG1GC                                  = true                                      {product} {ergonomic}
     bool UseLargePagesIndividualAllocation        = false                                  {pd product} {ergonomic}

Logging:
Log output configuration:
 #0: stdout all=warning uptime,level,tags foldmultilines=false
 #1: stderr all=off uptime,level,tags foldmultilines=false

Environment Variables:
PATH=C:\Program Files\Common Files\Oracle\Java\javapath;C:\Windows\system32;C:\Windows;C:\Windows\System32\Wbem;C:\Windows\System32\WindowsPowerShell\v1.0\;C:\Windows\System32\OpenSSH\;C:\Program Files (x86)\NVIDIA Corporation\PhysX\Common;C:\Program Files\NVIDIA Corporation\NVIDIA NvDLISR;C:\WINDOWS\system32;C:\WINDOWS;C:\WINDOWS\System32\Wbem;C:\WINDOWS\System32\WindowsPowerShell\v1.0\;C:\WINDOWS\System32\OpenSSH\;C:\MinGW\bin;C:\Program Files\Java\jdk-19\bin;C:\Program Files\Git\cmd;C:\Program Files\dotnet\;C:\Users\91749\AppData\Local\Programs\Python\Python311\Scripts\;C:\Users\91749\AppData\Local\Programs\Python\Python311\;C:\Users\91749\AppData\Local\Microsoft\WindowsApps;C:\MinGW\bin;;C:\Users\91749\AppData\Local\Programs\Microsoft VS Code\bin
USERNAME=91749
LANG=en_US.UTF-8
OS=Windows_NT
PROCESSOR_IDENTIFIER=AMD64 Family 23 Model 96 Stepping 1, AuthenticAMD
TMP=C:\Users\91749\AppData\Local\Temp
TEMP=C:\Users\91749\AppData\Local\Temp



---------------  S Y S T E M  ---------------

OS:
 Windows 11 , 64 bit Build 22621 (10.0.22621.3672)
OS uptime: 17 days 18:38 hours
Hyper-V role detected

CPU: total 16 (initial active 16) (16 cores per cpu, 2 threads per core) family 23 model 96 stepping 1 microcode 0x0, cx8, cmov, fxsr, ht, mmx, 3dnowpref, sse, sse2, sse3, ssse3, sse4a, sse4.1, sse4.2, popcnt, lzcnt, tsc, tscinvbit, avx, avx2, aes, clmul, bmi1, bmi2, adx, sha, fma, vzeroupper, clflush, clflushopt, hv, rdtscp, rdpid

Memory: 4k page, system-wide physical 7598M (297M free)
TotalPageFile size 31150M (AvailPageFile size 119M)
current process WorkingSet (physical memory assigned to process): 11M, peak: 11M
current process commit charge ("private bytes"): 71M, peak: 190M

vm_info: Java HotSpot(TM) 64-Bit Server VM (19.0.2+7-44) for windows-amd64 JRE (19.0.2+7-44), built on 2022-11-30T18:02:09Z by "mach5one" with MS VC++ 17.1 (VS2022)

END.
